Arguments: 
  /Users/biezhihua/.nvm/versions/node/v18.4.0/bin/node /Users/biezhihua/.nvm/versions/node/v18.4.0/bin/yarn publish

PATH: 
  /Users/biezhihua/.gem/ruby/2.6.0/bin:/Users/biezhihua/.tbtools/bin:/Users/biezhihua/.tpm/bin:/Users/biezhihua/.gem/ruby/2.6.0/bin:/Users/biezhihua/.tbtools/bin:/Users/biezhihua/.tpm/bin:/Users/biezhihua/.nvm/versions/node/v18.4.0/bin:/Users/biezhihua/.rbenv/shims:/Users/biezhihua/.rbenv/bin:/Users/biezhihua/.totoro/apache-maven-3.5.4/bin:/Users/biezhihua/Software/flutter/bin:/Library/Java/JavaVirtualMachines/jdk1.8.0_291.jdk/Contents/Home/bin:/Users/biezhihua/WorkSpace/YKGAIAX/FlexBox-Github/buck/bin:/Users/biezhihua/.pyenv/shims:/Users/biezhihua/Software/Android/sdk/tools:/Users/biezhihua/Software/Android/sdk/tools/bin:/Users/biezhihua/Software/Android/sdk/platform-tools:/Users/biezhihua/Software/Huawei/sdk/toolchains:/usr/local/bin:/usr/local/sbin:/usr/local/bin:/usr/bin:/bin:/usr/sbin:/sbin:/Library/Apple/usr/bin:/Library/Frameworks/Mono.framework/Versions/Current/Commands:/Users/biezhihua/.cargo/bin:/usr/local/bin:/Users/biezhihua/Software/Android/sdk/platform-tools:/Users/biezhihua/Software/Android/sdk/tools

Yarn version: 
  1.22.19

Node version: 
  18.4.0

Platform: 
  darwin x64

Trace: 
  Error: https://registry.npm.alibaba-inc.com/-/user/org.couchdb.user:biezhihua: biezhihua 验证失败，若为首次登陆，请到 http://npm.alibaba-inc.com/profile 设置 tnpm 密码
      at params.callback [as _callback] (/Users/biezhihua/.nvm/versions/node/v18.4.0/lib/node_modules/yarn/lib/cli.js:66145:18)
      at self.callback (/Users/biezhihua/.nvm/versions/node/v18.4.0/lib/node_modules/yarn/lib/cli.js:140890:22)
      at Request.emit (node:events:537:28)
      at Request.<anonymous> (/Users/biezhihua/.nvm/versions/node/v18.4.0/lib/node_modules/yarn/lib/cli.js:141862:10)
      at Request.emit (node:events:537:28)
      at IncomingMessage.<anonymous> (/Users/biezhihua/.nvm/versions/node/v18.4.0/lib/node_modules/yarn/lib/cli.js:141784:12)
      at Object.onceWrapper (node:events:651:28)
      at IncomingMessage.emit (node:events:549:35)
      at endReadableNT (node:internal/streams/readable:1359:12)
      at process.processTicksAndRejections (node:internal/process/task_queues:82:21)

npm manifest: 
  {
    "name": "@ali/gaiax-taro",
    "version": "0.1.2",
    "main": "dist/index.js",
    "source": "src/index.ts",
    "scripts": {
      "build": "rm -rf dist && rollup --config ./config/rollup.config.js",
      "build:watch": "yarn build -- --watch"
    },
    "dependencies": {
      "classnames": "^2.3.1",
      "lodash": "^4.14.149",
      "prop-types": "^15.8.1"
    },
    "devDependencies": {
      "@rollup/plugin-commonjs": "^11.0.2",
      "@rollup/plugin-json": "^4.0.2",
      "@rollup/plugin-node-resolve": "^7.1.1",
      "@tarojs/components": "3.4.12",
      "@tarojs/plugin-framework-react": "3.4.12",
      "@tarojs/react": "3.4.12",
      "@tarojs/runtime": "3.4.12",
      "@tarojs/taro": "3.4.12",
      "@testing-library/react": "13.3.0",
      "@types/jest": "^27.0.3",
      "@types/lodash": "^4.14.182",
      "@types/react": "^17.0.0",
      "@types/react-dom": "^17.0.0",
      "react": "^17.0.0",
      "react-dom": "^17.0.0",
      "rollup": "^2.60.2",
      "rollup-plugin-copy": "^3.3.0",
      "rollup-plugin-typescript2": "^0.31.1",
      "tslib": "^2.3.1",
      "typescript": "^4.1.0"
    },
    "publishConfig": {
      "registry": "https://registry.npm.alibaba-inc.com"
    }
  }

yarn manifest: 
  No manifest

Lockfile: 
  # THIS IS AN AUTOGENERATED FILE. DO NOT EDIT THIS FILE DIRECTLY.
  # yarn lockfile v1
  
  
  "@babel/code-frame@^7.10.4":
    version "7.18.6"
    resolved "https://registry.npm.alibaba-inc.com/@babel/code-frame/download/@babel/code-frame-7.18.6.tgz#3b25d38c89600baa2dcc219edfa88a74eb2c427a"
    integrity sha512-TDCmlK5eOvH+eH7cdAFlNXeVJqWIQ7gW9tY1GJIpUtFb6CmjVyq2VM3u71bOyR8CRihcCgMUYoDNyLXao3+70Q==
    dependencies:
      "@babel/highlight" "^7.18.6"
  
  "@babel/helper-validator-identifier@^7.18.6":
    version "7.19.1"
    resolved "https://registry.npm.alibaba-inc.com/@babel/helper-validator-identifier/download/@babel/helper-validator-identifier-7.19.1.tgz#7eea834cf32901ffdc1a7ee555e2f9c27e249ca2"
    integrity sha512-awrNfaMtnHUr653GgGEs++LlAvW6w+DcPrOliSMXWCKo597CwL5Acf/wWdNkf/tfEQE3mjkeD1YOVZOUV/od1w==
  
  "@babel/highlight@^7.18.6":
    version "7.18.6"
    resolved "https://registry.npm.alibaba-inc.com/@babel/highlight/download/@babel/highlight-7.18.6.tgz#81158601e93e2563795adcbfbdf5d64be3f2ecdf"
    integrity sha512-u7stbOuYjaPezCuLj29hNW1v64M2Md2qupEKP1fHc7WdOA3DgLh37suiSrZYY7haUB7iBeQZ9P1uiRF359do3g==
    dependencies:
      "@babel/helper-validator-identifier" "^7.18.6"
      chalk "^2.0.0"
      js-tokens "^4.0.0"
  
  "@babel/runtime@^7.12.5", "@babel/runtime@^7.14.5", "@babel/runtime@^7.7.6":
    version "7.19.0"
    resolved "https://registry.npm.alibaba-inc.com/@babel/runtime/download/@babel/runtime-7.19.0.tgz#22b11c037b094d27a8a2504ea4dcff00f50e2259"
    integrity sha512-eR8Lo9hnDS7tqkO7NsV+mKvCmv5boaXFSZ70DnfhcgiEne8hv9oCEd36Klw74EtizEqLsy4YnW8UWwpBVolHZA==
    dependencies:
      regenerator-runtime "^0.13.4"
  
  "@nodelib/fs.scandir@2.1.5":
    version "2.1.5"
    resolved "https://registry.npm.alibaba-inc.com/@nodelib/fs.scandir/download/@nodelib/fs.scandir-2.1.5.tgz#7619c2eb21b25483f6d167548b4cfd5a7488c3d5"
    integrity sha1-dhnC6yGyVIP20WdUi0z9WnSIw9U=
    dependencies:
      "@nodelib/fs.stat" "2.0.5"
      run-parallel "^1.1.9"
  
  "@nodelib/fs.stat@2.0.5", "@nodelib/fs.stat@^2.0.2":
    version "2.0.5"
    resolved "https://registry.npm.alibaba-inc.com/@nodelib/fs.stat/download/@nodelib/fs.stat-2.0.5.tgz#5bd262af94e9d25bd1e71b05deed44876a222e8b"
    integrity sha1-W9Jir5Tp0lvR5xsF3u1Eh2oiLos=
  
  "@nodelib/fs.walk@^1.2.3":
    version "1.2.8"
    resolved "https://registry.npm.alibaba-inc.com/@nodelib/fs.walk/download/@nodelib/fs.walk-1.2.8.tgz#e95737e8bb6746ddedf69c556953494f196fe69a"
    integrity sha1-6Vc36LtnRt3t9pxVaVNJTxlv5po=
    dependencies:
      "@nodelib/fs.scandir" "2.1.5"
      fastq "^1.6.0"
  
  "@pmmmwh/react-refresh-webpack-plugin@0.4.3":
    version "0.4.3"
    resolved "https://registry.npm.alibaba-inc.com/@pmmmwh/react-refresh-webpack-plugin/download/@pmmmwh/react-refresh-webpack-plugin-0.4.3.tgz#1eec460596d200c0236bf195b078a5d1df89b766"
    integrity sha1-HuxGBZbSAMAja/GVsHil0d+Jt2Y=
    dependencies:
      ansi-html "^0.0.7"
      error-stack-parser "^2.0.6"
      html-entities "^1.2.1"
      native-url "^0.2.6"
      schema-utils "^2.6.5"
      source-map "^0.7.3"
  
  "@prefresh/core@^1.3.3":
    version "1.4.1"
    resolved "https://registry.npm.alibaba-inc.com/@prefresh/core/download/@prefresh/core-1.4.1.tgz#b75a917b500e5373aeb9c485f18ca91e1d4433a8"
    integrity sha512-og1vaBj3LMJagVncNrDb37Gqc0cWaUcDbpVt5hZtsN4i2Iwzd/5hyTsDHvlMirhSym3wL9ihU0Xa2VhSaOue7g==
  
  "@prefresh/utils@^1.1.2":
    version "1.1.3"
    resolved "https://registry.npm.alibaba-inc.com/@prefresh/utils/download/@prefresh/utils-1.1.3.tgz#c764c6c8f0917f0a72ae14ec57ed8befde3f9bac"
    integrity sha512-Mb9abhJTOV4yCfkXrMrcgFiFT7MfNOw8sDa+XyZBdq/Ai2p4Zyxqsb3EgHLOEdHpMj6J9aiZ54W8H6FTam1u+A==
  
  "@prefresh/webpack@^3.2.3":
    version "3.3.4"
    resolved "https://registry.npm.alibaba-inc.com/@prefresh/webpack/download/@prefresh/webpack-3.3.4.tgz#742b70cc6e9a51ff9da80dc75eeccb38d18274aa"
    integrity sha512-RiXS/hvXDup5cQw/267kxkKie81kxaAB7SFbkr8ppshobDEzwgUN1tbGbHNx6Uari0Ql2XByC6HIgQGpaq2Q7w==
    dependencies:
      "@prefresh/core" "^1.3.3"
      "@prefresh/utils" "^1.1.2"
  
  "@rollup/plugin-commonjs@^11.0.2":
    version "11.1.0"
    resolved "https://registry.npm.alibaba-inc.com/@rollup/plugin-commonjs/download/@rollup/plugin-commonjs-11.1.0.tgz#60636c7a722f54b41e419e1709df05c7234557ef"
    integrity sha1-YGNsenIvVLQeQZ4XCd8FxyNFV+8=
    dependencies:
      "@rollup/pluginutils" "^3.0.8"
      commondir "^1.0.1"
      estree-walker "^1.0.1"
      glob "^7.1.2"
      is-reference "^1.1.2"
      magic-string "^0.25.2"
      resolve "^1.11.0"
  
  "@rollup/plugin-json@^4.0.2":
    version "4.1.0"
    resolved "https://registry.npm.alibaba-inc.com/@rollup/plugin-json/download/@rollup/plugin-json-4.1.0.tgz#54e09867ae6963c593844d8bd7a9c718294496f3"
    integrity sha1-VOCYZ65pY8WThE2L16nHGClElvM=
    dependencies:
      "@rollup/pluginutils" "^3.0.8"
  
  "@rollup/plugin-node-resolve@^7.1.1":
    version "7.1.3"
    resolved "https://registry.npm.alibaba-inc.com/@rollup/plugin-node-resolve/download/@rollup/plugin-node-resolve-7.1.3.tgz#80de384edfbd7bfc9101164910f86078151a3eca"
    integrity sha1-gN44Tt+9e/yRARZJEPhgeBUaPso=
    dependencies:
      "@rollup/pluginutils" "^3.0.8"
      "@types/resolve" "0.0.8"
      builtin-modules "^3.1.0"
      is-module "^1.0.0"
      resolve "^1.14.2"
  
  "@rollup/pluginutils@^3.0.8":
    version "3.1.0"
    resolved "https://registry.npm.alibaba-inc.com/@rollup/pluginutils/download/@rollup/pluginutils-3.1.0.tgz#706b4524ee6dc8b103b3c995533e5ad680c02b9b"
    integrity sha1-cGtFJO5tyLEDs8mVUz5a1oDAK5s=
    dependencies:
      "@types/estree" "0.0.39"
      estree-walker "^1.0.1"
      picomatch "^2.2.2"
  
  "@rollup/pluginutils@^4.1.2":
    version "4.2.1"
    resolved "https://registry.npm.alibaba-inc.com/@rollup/pluginutils/download/@rollup/pluginutils-4.2.1.tgz#e6c6c3aba0744edce3fb2074922d3776c0af2a6d"
    integrity sha512-iKnFXr7NkdZAIHiIWE+BX5ULi/ucVFYWD6TbAV+rZctiRTY2PL6tsIKhoIOaoskiWAkgu+VsbXgUVDNLHf+InQ==
    dependencies:
      estree-walker "^2.0.1"
      picomatch "^2.2.2"
  
  "@stencil/core@2.9.0":
    version "2.9.0"
    resolved "https://registry.npm.alibaba-inc.com/@stencil/core/download/@stencil/core-2.9.0.tgz#cbac84b996475b8fc983931539ed1261174e2df3"
    integrity sha1-y6yEuZZHW4/Jg5MVOe0SYRdOLfM=
  
  "@tarojs/api@3.4.12":
    version "3.4.12"
    resolved "https://registry.npm.alibaba-inc.com/@tarojs/api/download/@tarojs/api-3.4.12.tgz#31b33609d10761d256432e862ed9ea534f41a63c"
    integrity sha512-md8pWEahR6GSe0i2uoa538oZQ0su1Szt7ng7tnmgCQSJuCYGGryyjyj2Da6x07Q0mtZgm3zU4U0NE/+WPv2U1A==
    dependencies:
      "@babel/runtime" "^7.14.5"
      "@tarojs/runtime" "3.4.12"
  
  "@tarojs/components@3.4.12":
    version "3.4.12"
    resolved "https://registry.npm.alibaba-inc.com/@tarojs/components/download/@tarojs/components-3.4.12.tgz#345a73302d878f4f6d07ccf57dc51fb7c28fbc6f"
    integrity sha512-1VyNoYzCQlWA16hf8oO+RmVe41wBjejrM0FH9lLoXG3YVlOHCJrlHFK76ndJGbFwwuooWGT8nyEdDpSPq2J/+A==
    dependencies:
      "@stencil/core" "2.9.0"
      "@tarojs/taro" "3.4.12"
      better-scroll "^1.14.1"
      classnames "^2.2.5"
      hls.js "^1.1.5"
      intersection-observer "^0.7.0"
      omit.js "^1.0.0"
      resolve-pathname "^3.0.0"
      swiper "6.8.0"
      weui "^1.1.2"
  
  "@tarojs/plugin-framework-react@3.4.12":
    version "3.4.12"
    resolved "https://registry.npm.alibaba-inc.com/@tarojs/plugin-framework-react/download/@tarojs/plugin-framework-react-3.4.12.tgz#ac751639035e2e7d86eae4a9c049653a43443e5f"
    integrity sha512-kc03rvuotgQ2q7gYM9rjy7IV1tjT4ZcbdfdVs2e7olpdXcY9d4x1OqF3vYy+FT/f6WXgf/xs7cBa8Btw3J44iQ==
    dependencies:
      "@pmmmwh/react-refresh-webpack-plugin" "0.4.3"
      "@prefresh/webpack" "^3.2.3"
      "@tarojs/runtime" "3.4.12"
      "@tarojs/shared" "3.4.12"
      acorn "^8.0.4"
      acorn-walk "^8.0.0"
  
  "@tarojs/react@3.4.12":
    version "3.4.12"
    resolved "https://registry.npm.alibaba-inc.com/@tarojs/react/download/@tarojs/react-3.4.12.tgz#32ce5c73f9e3ac92536693e3967879601d2e870d"
    integrity sha512-rZUo2wHJu8uyiQEVDiO4Q14VvUtHFuie+hxV+IXt1XX3HJMUTP/VAZzGzRzJkmt6eC2O2VzcRp+GYdohbDUfKQ==
    dependencies:
      "@tarojs/runtime" "3.4.12"
      "@tarojs/shared" "3.4.12"
      react-reconciler "0.26.1"
      scheduler "^0.20.1"
  
  "@tarojs/router@3.4.12":
    version "3.4.12"
    resolved "https://registry.npm.alibaba-inc.com/@tarojs/router/download/@tarojs/router-3.4.12.tgz#d6e46e6aa35f3f29d6b37c11b824ec4f933fed7e"
    integrity sha512-2btFzCIVlbhD/TKNFGVctTJn6phDOS5AzNiMbw7mBHdMIDHkOLgPhgyWg/Rj7f73WrlKYT8zJcUfuN4DKVogRw==
    dependencies:
      "@tarojs/runtime" "3.4.12"
      "@tarojs/taro" "3.4.12"
      history "^5.1.0"
      query-string "^7.1.1"
      universal-router "^8.3.0"
  
  "@tarojs/runtime@3.4.12":
    version "3.4.12"
    resolved "https://registry.npm.alibaba-inc.com/@tarojs/runtime/download/@tarojs/runtime-3.4.12.tgz#27fb5e82dd779898c6d22f3cf01487c339568a76"
    integrity sha512-4bQIXoiMRQa0xzma4nm4MAmLpPtcZLOalmW/X8WtPjAVqENZ8o3FE2lZMHjhv62HhvyHf+XZWWk/V+VzAhjcGQ==
    dependencies:
      "@tarojs/shared" "3.4.12"
      inversify "5.1.1"
      lodash-es "4.17.15"
      reflect-metadata "^0.1.13"
  
  "@tarojs/shared@3.4.12":
    version "3.4.12"
    resolved "https://registry.npm.alibaba-inc.com/@tarojs/shared/download/@tarojs/shared-3.4.12.tgz#4f63a8c96904cbbe3e00a24e6f36e74485c72f31"
    integrity sha512-ELpEOA7Uzr5rQujfSmVS+ugTO22ZP8j3vi2AfrwJKg7zit1kZcBnDUIsN6+3Es3Vnp1oXsyQobWrgn30xYt2Ug==
  
  "@tarojs/taro-h5@3.4.12":
    version "3.4.12"
    resolved "https://registry.npm.alibaba-inc.com/@tarojs/taro-h5/download/@tarojs/taro-h5-3.4.12.tgz#baf7852031e1355eb42401defbfb1115c03c5ff0"
    integrity sha512-kiGch1OqYPHgNBuRt4g+7mokyC6FNX/SoTxGMKb1phYzfa9499txRPp5/BX/Aj5NTpYIS6Phq0McGVwPYk8Agw==
    dependencies:
      "@tarojs/api" "3.4.12"
      "@tarojs/router" "3.4.12"
      "@tarojs/runtime" "3.4.12"
      "@tarojs/taro" "3.4.12"
      base64-js "^1.3.0"
      jsonp-retry "^1.0.3"
      mobile-detect "^1.4.2"
      query-string "^7.1.1"
      whatwg-fetch "^3.4.0"
  
  "@tarojs/taro@3.4.12":
    version "3.4.12"
    resolved "https://registry.npm.alibaba-inc.com/@tarojs/taro/download/@tarojs/taro-3.4.12.tgz#e544500a34f10a84aff810b466f0c9aca3481a01"
    integrity sha512-bCrnfoH1ph55LCzAVlI6SPNmRGYufXTiS+EmQeggnCq0b5s1SZURrZKFNsx6DGxOQuJbmFxoX7ZCfOdDuuQL/g==
    dependencies:
      "@tarojs/api" "3.4.12"
      "@tarojs/runtime" "3.4.12"
      "@tarojs/taro-h5" "3.4.12"
  
  "@testing-library/dom@^8.5.0":
    version "8.17.1"
    resolved "https://registry.npm.alibaba-inc.com/@testing-library/dom/download/@testing-library/dom-8.17.1.tgz#2d7af4ff6dad8d837630fecd08835aee08320ad7"
    integrity sha512-KnH2MnJUzmFNPW6RIKfd+zf2Wue8mEKX0M3cpX6aKl5ZXrJM1/c/Pc8c2xDNYQCnJO48Sm5ITbMXgqTr3h4jxQ==
    dependencies:
      "@babel/code-frame" "^7.10.4"
      "@babel/runtime" "^7.12.5"
      "@types/aria-query" "^4.2.0"
      aria-query "^5.0.0"
      chalk "^4.1.0"
      dom-accessibility-api "^0.5.9"
      lz-string "^1.4.4"
      pretty-format "^27.0.2"
  
  "@testing-library/react@13.3.0":
    version "13.3.0"
    resolved "https://registry.npm.alibaba-inc.com/@testing-library/react/download/@testing-library/react-13.3.0.tgz#bf298bfbc5589326bbcc8052b211f3bb097a97c5"
    integrity sha512-DB79aA426+deFgGSjnf5grczDPiL4taK3hFaa+M5q7q20Kcve9eQottOG5kZ74KEr55v0tU2CQormSSDK87zYQ==
    dependencies:
      "@babel/runtime" "^7.12.5"
      "@testing-library/dom" "^8.5.0"
      "@types/react-dom" "^18.0.0"
  
  "@types/aria-query@^4.2.0":
    version "4.2.2"
    resolved "https://registry.npm.alibaba-inc.com/@types/aria-query/download/@types/aria-query-4.2.2.tgz#ed4e0ad92306a704f9fb132a0cfcf77486dbe2bc"
    integrity sha1-7U4K2SMGpwT5+xMqDPz3dIbb4rw=
  
  "@types/estree@*":
    version "1.0.0"
    resolved "https://registry.npm.alibaba-inc.com/@types/estree/download/@types/estree-1.0.0.tgz#5fb2e536c1ae9bf35366eed879e827fa59ca41c2"
    integrity sha512-WulqXMDUTYAXCjZnk6JtIHPigp55cVtDgDrO2gHRwhyJto21+1zbVCtOYB2L1F9w4qCQ0rOGWBnBe0FNTiEJIQ==
  
  "@types/estree@0.0.39":
    version "0.0.39"
    resolved "https://registry.npm.alibaba-inc.com/@types/estree/download/@types/estree-0.0.39.tgz#e177e699ee1b8c22d23174caaa7422644389509f"
    integrity sha1-4Xfmme4bjCLSMXTKqnQiZEOJUJ8=
  
  "@types/fs-extra@^8.0.1":
    version "8.1.2"
    resolved "https://registry.npm.alibaba-inc.com/@types/fs-extra/download/@types/fs-extra-8.1.2.tgz#7125cc2e4bdd9bd2fc83005ffdb1d0ba00cca61f"
    integrity sha1-cSXMLkvdm9L8gwBf/bHQugDMph8=
    dependencies:
      "@types/node" "*"
  
  "@types/glob@^7.1.1":
    version "7.2.0"
    resolved "https://registry.npm.alibaba-inc.com/@types/glob/download/@types/glob-7.2.0.tgz#bc1b5bf3aa92f25bd5dd39f35c57361bdce5b2eb"
    integrity sha1-vBtb86qS8lvV3TnzXFc2G9zlsus=
    dependencies:
      "@types/minimatch" "*"
      "@types/node" "*"
  
  "@types/jest@^27.0.3":
    version "27.5.2"
    resolved "https://registry.npm.alibaba-inc.com/@types/jest/download/@types/jest-27.5.2.tgz#ec49d29d926500ffb9fd22b84262e862049c026c"
    integrity sha512-mpT8LJJ4CMeeahobofYWIjFo0xonRS/HfxnVEPMPFSQdGUt1uHCnoPT7Zhb+sjDU2wz0oKV0OLUR0WzrHNgfeA==
    dependencies:
      jest-matcher-utils "^27.0.0"
      pretty-format "^27.0.0"
  
  "@types/json-schema@^7.0.5":
    version "7.0.11"
    resolved "https://registry.npm.alibaba-inc.com/@types/json-schema/download/@types/json-schema-7.0.11.tgz#d421b6c527a3037f7c84433fd2c4229e016863d3"
    integrity sha512-wOuvG1SN4Us4rez+tylwwwCV1psiNVOkJeM3AUWUNWg/jDQY2+HE/444y5gc+jBmRqASOm2Oeh5c1axHobwRKQ==
  
  "@types/lodash@^4.14.182":
    version "4.14.185"
    resolved "https://registry.npm.alibaba-inc.com/@types/lodash/download/@types/lodash-4.14.185.tgz#c9843f5a40703a8f5edfd53358a58ae729816908"
    integrity sha512-evMDG1bC4rgQg4ku9tKpuMh5iBNEwNa3tf9zRHdP1qlv+1WUg44xat4IxCE14gIpZRGUUWAx2VhItCZc25NfMA==
  
  "@types/minimatch@*":
    version "5.1.2"
    resolved "https://registry.npm.alibaba-inc.com/@types/minimatch/download/@types/minimatch-5.1.2.tgz#07508b45797cb81ec3f273011b054cd0755eddca"
    integrity sha512-K0VQKziLUWkVKiRVrx4a40iPaxTUefQmjtkQofBkYRcoaaL/8rhwDWww9qWbrgicNOgnpIsMxyNIUM4+n6dUIA==
  
  "@types/node@*":
    version "18.7.18"
    resolved "https://registry.npm.alibaba-inc.com/@types/node/download/@types/node-18.7.18.tgz#633184f55c322e4fb08612307c274ee6d5ed3154"
    integrity sha512-m+6nTEOadJZuTPkKR/SYK3A2d7FZrgElol9UP1Kae90VVU4a6mxnPuLiIW1m4Cq4gZ/nWb9GrdVXJCoCazDAbg==
  
  "@types/prop-types@*":
    version "15.7.5"
    resolved "https://registry.npm.alibaba-inc.com/@types/prop-types/download/@types/prop-types-15.7.5.tgz#5f19d2b85a98e9558036f6a3cacc8819420f05cf"
    integrity sha512-JCB8C6SnDoQf0cNycqd/35A7MjcnK+ZTqE7judS6o7utxUCg6imJg3QK2qzHKszlTjcj2cn+NwMB2i96ubpj7w==
  
  "@types/react-dom@^17.0.0":
    version "17.0.17"
    resolved "https://registry.npm.alibaba-inc.com/@types/react-dom/download/@types/react-dom-17.0.17.tgz#2e3743277a793a96a99f1bf87614598289da68a1"
    integrity sha512-VjnqEmqGnasQKV0CWLevqMTXBYG9GbwuE6x3VetERLh0cq2LTptFE73MrQi2S7GkKXCf2GgwItB/melLnxfnsg==
    dependencies:
      "@types/react" "^17"
  
  "@types/react-dom@^18.0.0":
    version "18.0.6"
    resolved "https://registry.npm.alibaba-inc.com/@types/react-dom/download/@types/react-dom-18.0.6.tgz#36652900024842b74607a17786b6662dd1e103a1"
    integrity sha512-/5OFZgfIPSwy+YuIBP/FgJnQnsxhZhjjrnxudMddeblOouIodEQ75X14Rr4wGSG/bknL+Omy9iWlLo1u/9GzAA==
    dependencies:
      "@types/react" "*"
  
  "@types/react@*":
    version "18.0.20"
    resolved "https://registry.npm.alibaba-inc.com/@types/react/download/@types/react-18.0.20.tgz#e4c36be3a55eb5b456ecf501bd4a00fd4fd0c9ab"
    integrity sha512-MWul1teSPxujEHVwZl4a5HxQ9vVNsjTchVA+xRqv/VYGCuKGAU6UhfrTdF5aBefwD1BHUD8i/zq+O/vyCm/FrA==
    dependencies:
      "@types/prop-types" "*"
      "@types/scheduler" "*"
      csstype "^3.0.2"
  
  "@types/react@^17", "@types/react@^17.0.0":
    version "17.0.50"
    resolved "https://registry.npm.alibaba-inc.com/@types/react/download/@types/react-17.0.50.tgz#39abb4f7098f546cfcd6b51207c90c4295ee81fc"
    integrity sha512-ZCBHzpDb5skMnc1zFXAXnL3l1FAdi+xZvwxK+PkglMmBrwjpp9nKaWuEvrGnSifCJmBFGxZOOFuwC6KH/s0NuA==
    dependencies:
      "@types/prop-types" "*"
      "@types/scheduler" "*"
      csstype "^3.0.2"
  
  "@types/resolve@0.0.8":
    version "0.0.8"
    resolved "https://registry.npm.alibaba-inc.com/@types/resolve/download/@types/resolve-0.0.8.tgz#f26074d238e02659e323ce1a13d041eee280e194"
    integrity sha1-8mB00jjgJlnjI84aE9BB7uKA4ZQ=
    dependencies:
      "@types/node" "*"
  
  "@types/scheduler@*":
    version "0.16.2"
    resolved "https://registry.npm.alibaba-inc.com/@types/scheduler/download/@types/scheduler-0.16.2.tgz#1a62f89525723dde24ba1b01b092bf5df8ad4d39"
    integrity sha1-GmL4lSVyPd4kuhsBsJK/XfitTTk=
  
  "@yarn-tool/resolve-package@^1.0.40":
    version "1.0.47"
    resolved "https://registry.npm.alibaba-inc.com/@yarn-tool/resolve-package/download/@yarn-tool/resolve-package-1.0.47.tgz#8ec25f291a316280a281632331e88926a66fdf19"
    integrity sha512-Zaw58gQxjQceJqhqybJi1oUDaORT8i2GTgwICPs8v/X/Pkx35FXQba69ldHVg5pQZ6YLKpROXgyHvBaCJOFXiA==
    dependencies:
      pkg-dir "< 6 >= 5"
      tslib "^2"
      upath2 "^3.1.13"
  
  acorn-walk@^8.0.0:
    version "8.2.0"
    resolved "https://registry.npm.alibaba-inc.com/acorn-walk/download/acorn-walk-8.2.0.tgz#741210f2e2426454508853a2f44d0ab83b7f69c1"
    integrity sha1-dBIQ8uJCZFRQiFOi9E0KuDt/acE=
  
  acorn@^8.0.4:
    version "8.8.0"
    resolved "https://registry.npm.alibaba-inc.com/acorn/download/acorn-8.8.0.tgz#88c0187620435c7f6015803f5539dae05a9dbea8"
    integrity sha512-QOxyigPVrpZ2GXT+PFyZTl6TtOFc5egxHIP9IlQ+RbupQuX4RkT/Bee4/kQuC02Xkzg84JcT7oLYtDIQxp+v7w==
  
  ajv-keywords@^3.5.2:
    version "3.5.2"
    resolved "https://registry.npm.alibaba-inc.com/ajv-keywords/download/ajv-keywords-3.5.2.tgz#31f29da5ab6e00d1c2d329acf7b5929614d5014d"
    integrity sha1-MfKdpatuANHC0yms97WSlhTVAU0=
  
  ajv@^6.12.4:
    version "6.12.6"
    resolved "https://registry.npm.alibaba-inc.com/ajv/download/ajv-6.12.6.tgz#baf5a62e802b07d977034586f8c3baf5adf26df4"
    integrity sha1-uvWmLoArB9l3A0WG+MO69a3ybfQ=
    dependencies:
      fast-deep-equal "^3.1.1"
      fast-json-stable-stringify "^2.0.0"
      json-schema-traverse "^0.4.1"
      uri-js "^4.2.2"
  
  ansi-html@^0.0.7:
    version "0.0.7"
    resolved "https://registry.npm.alibaba-inc.com/ansi-html/download/ansi-html-0.0.7.tgz#813584021962a9e9e6fd039f940d12f56ca7859e"
    integrity sha1-gTWEAhliqenm/QOflA0S9WynhZ4=
  
  ansi-regex@^5.0.1:
    version "5.0.1"
    resolved "https://registry.npm.alibaba-inc.com/ansi-regex/download/ansi-regex-5.0.1.tgz#082cb2c89c9fe8659a311a53bd6a4dc5301db304"
    integrity sha1-CCyyyJyf6GWaMRpTvWpNxTAdswQ=
  
  ansi-styles@^3.2.1:
    version "3.2.1"
    resolved "https://registry.npm.alibaba-inc.com/ansi-styles/download/ansi-styles-3.2.1.tgz#41fbb20243e50b12be0f04b8dedbf07520ce841d"
    integrity sha1-QfuyAkPlCxK+DwS43tvwdSDOhB0=
    dependencies:
      color-convert "^1.9.0"
  
  ansi-styles@^4.1.0:
    version "4.3.0"
    resolved "https://registry.npm.alibaba-inc.com/ansi-styles/download/ansi-styles-4.3.0.tgz#edd803628ae71c04c85ae7a0906edad34b648937"
    integrity sha1-7dgDYornHATIWuegkG7a00tkiTc=
    dependencies:
      color-convert "^2.0.1"
  
  ansi-styles@^5.0.0:
    version "5.2.0"
    resolved "https://registry.npm.alibaba-inc.com/ansi-styles/download/ansi-styles-5.2.0.tgz#07449690ad45777d1924ac2abb2fc8895dba836b"
    integrity sha1-B0SWkK1Fd30ZJKwquy/IiV26g2s=
  
  aria-query@^5.0.0:
    version "5.0.2"
    resolved "https://registry.npm.alibaba-inc.com/aria-query/download/aria-query-5.0.2.tgz#0b8a744295271861e1d933f8feca13f9b70cfdc1"
    integrity sha512-eigU3vhqSO+Z8BKDnVLN/ompjhf3pYzecKXz8+whRy+9gZu8n1TCGfwzQUUPnqdHl9ax1Hr9031orZ+UOEYr7Q==
  
  array-union@^2.1.0:
    version "2.1.0"
    resolved "https://registry.npm.alibaba-inc.com/array-union/download/array-union-2.1.0.tgz#b798420adbeb1de828d84acd8a2e23d3efe85e8d"
    integrity sha1-t5hCCtvrHego2ErNii4j0+/oXo0=
  
  babel-runtime@^6.0.0, babel-runtime@^6.23.0:
    version "6.26.0"
    resolved "https://registry.npm.alibaba-inc.com/babel-runtime/download/babel-runtime-6.26.0.tgz#965c7058668e82b55d7bfe04ff2337bc8b5647fe"
    integrity sha1-llxwWGaOgrVde/4E/yM3vItWR/4=
    dependencies:
      core-js "^2.4.0"
      regenerator-runtime "^0.11.0"
  
  balanced-match@^1.0.0:
    version "1.0.2"
    resolved "https://registry.npm.alibaba-inc.com/balanced-match/download/balanced-match-1.0.2.tgz#e83e3a7e3f300b34cb9d87f615fa0cbf357690ee"
    integrity sha1-6D46fj8wCzTLnYf2FfoMvzV2kO4=
  
  base64-js@^1.3.0:
    version "1.5.1"
    resolved "https://registry.npm.alibaba-inc.com/base64-js/download/base64-js-1.5.1.tgz#1b1b440160a5bf7ad40b650f095963481903930a"
    integrity sha1-GxtEAWClv3rUC2UPCVljSBkDkwo=
  
  better-scroll@^1.14.1:
    version "1.15.2"
    resolved "https://registry.npm.alibaba-inc.com/better-scroll/download/better-scroll-1.15.2.tgz#65ffc6058b8b4ff337b8dfad4bcb334d7699ceb6"
    integrity sha1-Zf/GBYuLT/M3uN+tS8szTXaZzrY=
    dependencies:
      babel-runtime "^6.0.0"
  
  brace-expansion@^1.1.7:
    version "1.1.11"
    resolved "https://registry.npm.alibaba-inc.com/brace-expansion/download/brace-expansion-1.1.11.tgz#3c7fcbf529d87226f3d2f52b966ff5271eb441dd"
    integrity sha1-PH/L9SnYcibz0vUrlm/1Jx60Qd0=
    dependencies:
      balanced-match "^1.0.0"
      concat-map "0.0.1"
  
  braces@^3.0.2:
    version "3.0.2"
    resolved "https://registry.npm.alibaba-inc.com/braces/download/braces-3.0.2.tgz#3454e1a462ee8d599e236df336cd9ea4f8afe107"
    integrity sha1-NFThpGLujVmeI23zNs2epPiv4Qc=
    dependencies:
      fill-range "^7.0.1"
  
  builtin-modules@^3.1.0:
    version "3.3.0"
    resolved "https://registry.npm.alibaba-inc.com/builtin-modules/download/builtin-modules-3.3.0.tgz#cae62812b89801e9656336e46223e030386be7b6"
    integrity sha512-zhaCDicdLuWN5UbN5IMnFqNMhNfo919sH85y2/ea+5Yg9TsTkeZxpL+JLbp6cgYFS4sRLp3YV4S6yDuqVWHYOw==
  
  chalk@^2.0.0:
    version "2.4.2"
    resolved "https://registry.npm.alibaba-inc.com/chalk/download/chalk-2.4.2.tgz#cd42541677a54333cf541a49108c1432b44c9424"
    integrity sha1-zUJUFnelQzPPVBpJEIwUMrRMlCQ=
    dependencies:
      ansi-styles "^3.2.1"
      escape-string-regexp "^1.0.5"
      supports-color "^5.3.0"
  
  chalk@^4.0.0, chalk@^4.1.0:
    version "4.1.2"
    resolved "https://registry.npm.alibaba-inc.com/chalk/download/chalk-4.1.2.tgz#aac4e2b7734a740867aeb16bf02aad556a1e7a01"
    integrity sha1-qsTit3NKdAhnrrFr8CqtVWoeegE=
    dependencies:
      ansi-styles "^4.1.0"
      supports-color "^7.1.0"
  
  classnames@^2.2.5, classnames@^2.3.1:
    version "2.3.2"
    resolved "https://registry.npm.alibaba-inc.com/classnames/download/classnames-2.3.2.tgz#351d813bf0137fcc6a76a16b88208d2560a0d924"
    integrity sha512-CSbhY4cFEJRe6/GQzIk5qXZ4Jeg5pcsP7b5peFSDpffpe1cqjASH/n9UTjBwOp6XpMSTwQ8Za2K5V02ueA7Tmw==
  
  color-convert@^1.9.0:
    version "1.9.3"
    resolved "https://registry.npm.alibaba-inc.com/color-convert/download/color-convert-1.9.3.tgz#bb71850690e1f136567de629d2d5471deda4c1e8"
    integrity sha1-u3GFBpDh8TZWfeYp0tVHHe2kweg=
    dependencies:
      color-name "1.1.3"
  
  color-convert@^2.0.1:
    version "2.0.1"
    resolved "https://registry.npm.alibaba-inc.com/color-convert/download/color-convert-2.0.1.tgz#72d3a68d598c9bdb3af2ad1e84f21d896abd4de3"
    integrity sha1-ctOmjVmMm9s68q0ehPIdiWq9TeM=
    dependencies:
      color-name "~1.1.4"
  
  color-name@1.1.3:
    version "1.1.3"
    resolved "https://registry.npm.alibaba-inc.com/color-name/download/color-name-1.1.3.tgz#a7d0558bd89c42f795dd42328f740831ca53bc25"
    integrity sha1-p9BVi9icQveV3UIyj3QIMcpTvCU=
  
  color-name@~1.1.4:
    version "1.1.4"
    resolved "https://registry.npm.alibaba-inc.com/color-name/download/color-name-1.1.4.tgz#c2a09a87acbde69543de6f63fa3995c826c536a2"
    integrity sha1-wqCah6y95pVD3m9j+jmVyCbFNqI=
  
  colorette@^1.1.0:
    version "1.4.0"
    resolved "https://registry.npm.alibaba-inc.com/colorette/download/colorette-1.4.0.tgz#5190fbb87276259a86ad700bff2c6d6faa3fca40"
    integrity sha1-UZD7uHJ2JZqGrXAL/yxtb6o/ykA=
  
  commondir@^1.0.1:
    version "1.0.1"
    resolved "https://registry.npm.alibaba-inc.com/commondir/download/commondir-1.0.1.tgz#ddd800da0c66127393cca5950ea968a3aaf1253b"
    integrity sha1-3dgA2gxmEnOTzKWVDqloo6rxJTs=
  
  concat-map@0.0.1:
    version "0.0.1"
    resolved "https://registry.npm.alibaba-inc.com/concat-map/download/concat-map-0.0.1.tgz#d8a96bd77fd68df7793a73036a3ba0d5405d477b"
    integrity sha1-2Klr13/Wjfd5OnMDajug1UBdR3s=
  
  core-js@^2.4.0:
    version "2.6.12"
    resolved "https://registry.npm.alibaba-inc.com/core-js/download/core-js-2.6.12.tgz#d9333dfa7b065e347cc5682219d6f690859cc2ec"
    integrity sha1-2TM9+nsGXjR8xWgiGdb2kIWcwuw=
  
  csstype@^3.0.2:
    version "3.1.1"
    resolved "https://registry.npm.alibaba-inc.com/csstype/download/csstype-3.1.1.tgz#841b532c45c758ee546a11d5bd7b7b473c8c30b9"
    integrity sha512-DJR/VvkAvSZW9bTouZue2sSxDwdTN92uHjqeKVm+0dAqdfNykRzQ95tay8aXMBAAPpUiq4Qcug2L7neoRh2Egw==
  
  decode-uri-component@^0.2.0:
    version "0.2.0"
    resolved "https://registry.npm.alibaba-inc.com/decode-uri-component/download/decode-uri-component-0.2.0.tgz#eb3913333458775cb84cd1a1fae062106bb87545"
    integrity sha1-6zkTMzRYd1y4TNGh+uBiEGu4dUU=
  
  diff-sequences@^27.5.1:
    version "27.5.1"
    resolved "https://registry.npm.alibaba-inc.com/diff-sequences/download/diff-sequences-27.5.1.tgz#eaecc0d327fd68c8d9672a1e64ab8dccb2ef5327"
    integrity sha512-k1gCAXAsNgLwEL+Y8Wvl+M6oEFj5bgazfZULpS5CneoPPXRaCCW7dm+q21Ky2VEE5X+VeRDBVg1Pcvvsr4TtNQ==
  
  dir-glob@^3.0.1:
    version "3.0.1"
    resolved "https://registry.npm.alibaba-inc.com/dir-glob/download/dir-glob-3.0.1.tgz#56dbf73d992a4a93ba1584f4534063fd2e41717f"
    integrity sha1-Vtv3PZkqSpO6FYT0U0Bj/S5BcX8=
    dependencies:
      path-type "^4.0.0"
  
  dom-accessibility-api@^0.5.9:
    version "0.5.14"
    resolved "https://registry.npm.alibaba-inc.com/dom-accessibility-api/download/dom-accessibility-api-0.5.14.tgz#56082f71b1dc7aac69d83c4285eef39c15d93f56"
    integrity sha512-NMt+m9zFMPZe0JcY9gN224Qvk6qLIdqex29clBvc/y75ZBX9YA9wNK3frsYvu2DI1xcCIwxwnX+TlsJ2DSOADg==
  
  dom7@^3.0.0:
    version "3.0.0"
    resolved "https://registry.npm.alibaba-inc.com/dom7/download/dom7-3.0.0.tgz#b861ce5d67a6becd7aaa3ad02942ff14b1240331"
    integrity sha1-uGHOXWemvs16qjrQKUL/FLEkAzE=
    dependencies:
      ssr-window "^3.0.0-alpha.1"
  
  error-stack-parser@^2.0.6:
    version "2.1.4"
    resolved "https://registry.npm.alibaba-inc.com/error-stack-parser/download/error-stack-parser-2.1.4.tgz#229cb01cdbfa84440bfa91876285b94680188286"
    integrity sha512-Sk5V6wVazPhq5MhpO+AUxJn5x7XSXGl1R93Vn7i+zS15KDVxQijejNCrz8340/2bgLBjR9GtEG8ZVKONDjcqGQ==
    dependencies:
      stackframe "^1.3.4"
  
  escape-string-regexp@^1.0.5:
    version "1.0.5"
    resolved "https://registry.npm.alibaba-inc.com/escape-string-regexp/download/escape-string-regexp-1.0.5.tgz#1b61c0562190a8dff6ae3bb2cf0200ca130b86d4"
    integrity sha1-G2HAViGQqN/2rjuyzwIAyhMLhtQ=
  
  estree-walker@^1.0.1:
    version "1.0.1"
    resolved "https://registry.npm.alibaba-inc.com/estree-walker/download/estree-walker-1.0.1.tgz#31bc5d612c96b704106b477e6dd5d8aa138cb700"
    integrity sha1-MbxdYSyWtwQQa0d+bdXYqhOMtwA=
  
  estree-walker@^2.0.1:
    version "2.0.2"
    resolved "https://registry.npm.alibaba-inc.com/estree-walker/download/estree-walker-2.0.2.tgz#52f010178c2a4c117a7757cfe942adb7d2da4cac"
    integrity sha1-UvAQF4wqTBF6d1fP6UKtt9LaTKw=
  
  fast-deep-equal@^3.1.1:
    version "3.1.3"
    resolved "https://registry.npm.alibaba-inc.com/fast-deep-equal/download/fast-deep-equal-3.1.3.tgz#3a7d56b559d6cbc3eb512325244e619a65c6c525"
    integrity sha1-On1WtVnWy8PrUSMlJE5hmmXGxSU=
  
  fast-glob@^3.0.3:
    version "3.2.12"
    resolved "https://registry.npm.alibaba-inc.com/fast-glob/download/fast-glob-3.2.12.tgz#7f39ec99c2e6ab030337142da9e0c18f37afae80"
    integrity sha512-DVj4CQIYYow0BlaelwK1pHl5n5cRSJfM60UA0zK891sVInoPri2Ekj7+e1CT3/3qxXenpI+nBBmQAcJPJgaj4w==
    dependencies:
      "@nodelib/fs.stat" "^2.0.2"
      "@nodelib/fs.walk" "^1.2.3"
      glob-parent "^5.1.2"
      merge2 "^1.3.0"
      micromatch "^4.0.4"
  
  fast-json-stable-stringify@^2.0.0:
    version "2.1.0"
    resolved "https://registry.npm.alibaba-inc.com/fast-json-stable-stringify/download/fast-json-stable-stringify-2.1.0.tgz#874bf69c6f404c2b5d99c481341399fd55892633"
    integrity sha1-h0v2nG9ATCtdmcSBNBOZ/VWJJjM=
  
  fastq@^1.6.0:
    version "1.13.0"
    resolved "https://registry.npm.alibaba-inc.com/fastq/download/fastq-1.13.0.tgz#616760f88a7526bdfc596b7cab8c18938c36b98c"
    integrity sha1-YWdg+Ip1Jr38WWt8q4wYk4w2uYw=
    dependencies:
      reusify "^1.0.4"
  
  fill-range@^7.0.1:
    version "7.0.1"
    resolved "https://registry.npm.alibaba-inc.com/fill-range/download/fill-range-7.0.1.tgz#1919a6a7c75fe38b2c7c77e5198535da9acdda40"
    integrity sha1-GRmmp8df44ssfHflGYU12prN2kA=
    dependencies:
      to-regex-range "^5.0.1"
  
  filter-obj@^1.1.0:
    version "1.1.0"
    resolved "https://registry.npm.alibaba-inc.com/filter-obj/download/filter-obj-1.1.0.tgz#9b311112bc6c6127a16e016c6c5d7f19e0805c5b"
    integrity sha1-mzERErxsYSehbgFsbF1/GeCAXFs=
  
  find-cache-dir@^3.3.2:
    version "3.3.2"
    resolved "https://registry.npm.alibaba-inc.com/find-cache-dir/download/find-cache-dir-3.3.2.tgz#b30c5b6eff0730731aea9bbd9dbecbd80256d64b"
    integrity sha1-swxbbv8HMHMa6pu9nb7L2AJW1ks=
    dependencies:
      commondir "^1.0.1"
      make-dir "^3.0.2"
      pkg-dir "^4.1.0"
  
  find-up@^4.0.0:
    version "4.1.0"
    resolved "https://registry.npm.alibaba-inc.com/find-up/download/find-up-4.1.0.tgz#97afe7d6cdc0bc5928584b7c8d7b16e8a9aa5d19"
    integrity sha1-l6/n1s3AvFkoWEt8jXsW6KmqXRk=
    dependencies:
      locate-path "^5.0.0"
      path-exists "^4.0.0"
  
  find-up@^5.0.0:
    version "5.0.0"
    resolved "https://registry.npm.alibaba-inc.com/find-up/download/find-up-5.0.0.tgz#4c92819ecb7083561e4f4a240a86be5198f536fc"
    integrity sha1-TJKBnstwg1YeT0okCoa+UZj1Nvw=
    dependencies:
      locate-path "^6.0.0"
      path-exists "^4.0.0"
  
  fs-extra@^10.0.0:
    version "10.1.0"
    resolved "https://registry.npm.alibaba-inc.com/fs-extra/download/fs-extra-10.1.0.tgz#02873cfbc4084dde127eaa5f9905eef2325d1abf"
    integrity sha512-oRXApq54ETRj4eMiFzGnHWGy+zo5raudjuxN0b8H7s/RU2oW0Wvsx9O0ACRN/kRq9E8Vu/ReskGB5o3ji+FzHQ==
    dependencies:
      graceful-fs "^4.2.0"
      jsonfile "^6.0.1"
      universalify "^2.0.0"
  
  fs-extra@^8.1.0:
    version "8.1.0"
    resolved "https://registry.npm.alibaba-inc.com/fs-extra/download/fs-extra-8.1.0.tgz#49d43c45a88cd9677668cb7be1b46efdb8d2e1c0"
    integrity sha1-SdQ8RaiM2Wd2aMt74bRu/bjS4cA=
    dependencies:
      graceful-fs "^4.2.0"
      jsonfile "^4.0.0"
      universalify "^0.1.0"
  
  fs.realpath@^1.0.0:
    version "1.0.0"
    resolved "https://registry.npm.alibaba-inc.com/fs.realpath/download/fs.realpath-1.0.0.tgz#1504ad2523158caa40db4a2787cb01411994ea4f"
    integrity sha1-FQStJSMVjKpA20onh8sBQRmU6k8=
  
  fsevents@~2.3.2:
    version "2.3.2"
    resolved "https://registry.npm.alibaba-inc.com/fsevents/download/fsevents-2.3.2.tgz#8a526f78b8fdf4623b709e0b975c52c24c02fd1a"
    integrity sha1-ilJveLj99GI7cJ4Ll1xSwkwC/Ro=
  
  function-bind@^1.1.1:
    version "1.1.1"
    resolved "https://registry.npm.alibaba-inc.com/function-bind/download/function-bind-1.1.1.tgz#a56899d3ea3c9bab874bb9773b7c5ede92f4895d"
    integrity sha1-pWiZ0+o8m6uHS7l3O3xe3pL0iV0=
  
  glob-parent@^5.1.2:
    version "5.1.2"
    resolved "https://registry.npm.alibaba-inc.com/glob-parent/download/glob-parent-5.1.2.tgz#869832c58034fe68a4093c17dc15e8340d8401c4"
    integrity sha1-hpgyxYA0/mikCTwX3BXoNA2EAcQ=
    dependencies:
      is-glob "^4.0.1"
  
  glob@^7.1.2, glob@^7.1.3:
    version "7.2.3"
    resolved "https://registry.npm.alibaba-inc.com/glob/download/glob-7.2.3.tgz#b8df0fb802bbfa8e89bd1d938b4e16578ed44f2b"
    integrity sha512-nFR0zLpU2YCaRxwoCJvL6UvCH2JFyFVIvwTLsIf21AuHlMskA1hhTdk+LlYJtOlYt9v6dvszD2BGRqBL+iQK9Q==
    dependencies:
      fs.realpath "^1.0.0"
      inflight "^1.0.4"
      inherits "2"
      minimatch "^3.1.1"
      once "^1.3.0"
      path-is-absolute "^1.0.0"
  
  globby@10.0.1:
    version "10.0.1"
    resolved "https://registry.npm.alibaba-inc.com/globby/download/globby-10.0.1.tgz#4782c34cb75dd683351335c5829cc3420e606b22"
    integrity sha1-R4LDTLdd1oM1EzXFgpzDQg5gayI=
    dependencies:
      "@types/glob" "^7.1.1"
      array-union "^2.1.0"
      dir-glob "^3.0.1"
      fast-glob "^3.0.3"
      glob "^7.1.3"
      ignore "^5.1.1"
      merge2 "^1.2.3"
      slash "^3.0.0"
  
  graceful-fs@^4.1.6, graceful-fs@^4.2.0:
    version "4.2.10"
    resolved "https://registry.npm.alibaba-inc.com/graceful-fs/download/graceful-fs-4.2.10.tgz#147d3a006da4ca3ce14728c7aefc287c367d7a6c"
    integrity sha512-9ByhssR2fPVsNZj478qUUbKfmL0+t5BDVyjShtyZZLiK7ZDAArFFfopyOTj0M05wE2tJPisA4iTnnXl2YoPvOA==
  
  has-flag@^3.0.0:
    version "3.0.0"
    resolved "https://registry.npm.alibaba-inc.com/has-flag/download/has-flag-3.0.0.tgz#b5d454dc2199ae225699f3467e5a07f3b955bafd"
    integrity sha1-tdRU3CGZriJWmfNGfloH87lVuv0=
  
  has-flag@^4.0.0:
    version "4.0.0"
    resolved "https://registry.npm.alibaba-inc.com/has-flag/download/has-flag-4.0.0.tgz#944771fd9c81c81265c4d6941860da06bb59479b"
    integrity sha1-lEdx/ZyByBJlxNaUGGDaBrtZR5s=
  
  has@^1.0.3:
    version "1.0.3"
    resolved "https://registry.npm.alibaba-inc.com/has/download/has-1.0.3.tgz#722d7cbfc1f6aa8241f16dd814e011e1f41e8796"
    integrity sha1-ci18v8H2qoJB8W3YFOAR4fQeh5Y=
    dependencies:
      function-bind "^1.1.1"
  
  history@^5.1.0:
    version "5.3.0"
    resolved "https://registry.npm.alibaba-inc.com/history/download/history-5.3.0.tgz#1548abaa245ba47992f063a0783db91ef201c73b"
    integrity sha512-ZqaKwjjrAYUYfLG+htGaIIZ4nioX2L70ZUMIFysS3xvBsSG4x/n1V6TXV3N8ZYNuFGlDirFg32T7B6WOUPDYcQ==
    dependencies:
      "@babel/runtime" "^7.7.6"
  
  hls.js@^1.1.5:
    version "1.2.3"
    resolved "https://registry.npm.alibaba-inc.com/hls.js/download/hls.js-1.2.3.tgz#9b9e5d5b05c4912dacec173962694b710eea33ac"
    integrity sha512-CC/vHi82ldiiydIhliNI3whlcepRXxI2jdpd/KKb6lyEv+74e7lXs4cGk5PHfTLxZMKOj6+m5LX9VAbvV/r7AQ==
  
  html-entities@^1.2.1:
    version "1.4.0"
    resolved "https://registry.npm.alibaba-inc.com/html-entities/download/html-entities-1.4.0.tgz#cfbd1b01d2afaf9adca1b10ae7dffab98c71d2dc"
    integrity sha1-z70bAdKvr5rcobEK59/6uYxx0tw=
  
  ignore@^5.1.1:
    version "5.2.0"
    resolved "https://registry.npm.alibaba-inc.com/ignore/download/ignore-5.2.0.tgz#6d3bac8fa7fe0d45d9f9be7bac2fc279577e345a"
    integrity sha512-CmxgYGiEPCLhfLnpPp1MoRmifwEIOgjcHXxOBjv7mY96c+eWScsOP9c112ZyLdWHi0FxHjI+4uVhKYp/gcdRmQ==
  
  inflight@^1.0.4:
    version "1.0.6"
    resolved "https://registry.npm.alibaba-inc.com/inflight/download/inflight-1.0.6.tgz#49bd6331d7d02d0c09bc910a1075ba8165b56df9"
    integrity sha1-Sb1jMdfQLQwJvJEKEHW6gWW1bfk=
    dependencies:
      once "^1.3.0"
      wrappy "1"
  
  inherits@2:
    version "2.0.4"
    resolved "https://registry.npm.alibaba-inc.com/inherits/download/inherits-2.0.4.tgz#0fa2c64f932917c3433a0ded55363aae37416b7c"
    integrity sha1-D6LGT5MpF8NDOg3tVTY6rjdBa3w=
  
  intersection-observer@^0.7.0:
    version "0.7.0"
    resolved "https://registry.npm.alibaba-inc.com/intersection-observer/download/intersection-observer-0.7.0.tgz#ee16bee978db53516ead2f0a8154b09b400bbdc9"
    integrity sha1-7ha+6XjbU1FurS8KgVSwm0ALvck=
  
  inversify@5.1.1:
    version "5.1.1"
    resolved "https://registry.npm.alibaba-inc.com/inversify/download/inversify-5.1.1.tgz#6fbd668c591337404e005a1946bfe0d802c08730"
    integrity sha1-b71mjFkTN0BOAFoZRr/g2ALAhzA=
  
  is-core-module@^2.9.0:
    version "2.10.0"
    resolved "https://registry.npm.alibaba-inc.com/is-core-module/download/is-core-module-2.10.0.tgz#9012ede0a91c69587e647514e1d5277019e728ed"
    integrity sha512-Erxj2n/LDAZ7H8WNJXd9tw38GYM3dv8rk8Zcs+jJuxYTW7sozH+SS8NtrSjVL1/vpLvWi1hxy96IzjJ3EHTJJg==
    dependencies:
      has "^1.0.3"
  
  is-extglob@^2.1.1:
    version "2.1.1"
    resolved "https://registry.npm.alibaba-inc.com/is-extglob/download/is-extglob-2.1.1.tgz#a88c02535791f02ed37c76a1b9ea9773c833f8c2"
    integrity sha1-qIwCU1eR8C7TfHahueqXc8gz+MI=
  
  is-glob@^4.0.1:
    version "4.0.3"
    resolved "https://registry.npm.alibaba-inc.com/is-glob/download/is-glob-4.0.3.tgz#64f61e42cbbb2eec2071a9dac0b28ba1e65d5084"
    integrity sha1-ZPYeQsu7LuwgcanawLKLoeZdUIQ=
    dependencies:
      is-extglob "^2.1.1"
  
  is-module@^1.0.0:
    version "1.0.0"
    resolved "https://registry.npm.alibaba-inc.com/is-module/download/is-module-1.0.0.tgz#3258fb69f78c14d5b815d664336b4cffb6441591"
    integrity sha1-Mlj7afeMFNW4FdZkM2tM/7ZEFZE=
  
  is-number@^7.0.0:
    version "7.0.0"
    resolved "https://registry.npm.alibaba-inc.com/is-number/download/is-number-7.0.0.tgz#7535345b896734d5f80c4d06c50955527a14f12b"
    integrity sha1-dTU0W4lnNNX4DE0GxQlVUnoU8Ss=
  
  is-plain-object@^3.0.0:
    version "3.0.1"
    resolved "https://registry.npm.alibaba-inc.com/is-plain-object/download/is-plain-object-3.0.1.tgz#662d92d24c0aa4302407b0d45d21f2251c85f85b"
    integrity sha1-Zi2S0kwKpDAkB7DUXSHyJRyF+Fs=
  
  is-reference@^1.1.2:
    version "1.2.1"
    resolved "https://registry.npm.alibaba-inc.com/is-reference/download/is-reference-1.2.1.tgz#8b2dac0b371f4bc994fdeaba9eb542d03002d0b7"
    integrity sha1-iy2sCzcfS8mU/eq6nrVC0DAC0Lc=
    dependencies:
      "@types/estree" "*"
  
  jest-diff@^27.5.1:
    version "27.5.1"
    resolved "https://registry.npm.alibaba-inc.com/jest-diff/download/jest-diff-27.5.1.tgz#a07f5011ac9e6643cf8a95a462b7b1ecf6680def"
    integrity sha512-m0NvkX55LDt9T4mctTEgnZk3fmEg3NRYutvMPWM/0iPnkFj2wIeF45O1718cMSOFO1vINkqmxqD8vE37uTEbqw==
    dependencies:
      chalk "^4.0.0"
      diff-sequences "^27.5.1"
      jest-get-type "^27.5.1"
      pretty-format "^27.5.1"
  
  jest-get-type@^27.5.1:
    version "27.5.1"
    resolved "https://registry.npm.alibaba-inc.com/jest-get-type/download/jest-get-type-27.5.1.tgz#3cd613c507b0f7ace013df407a1c1cd578bcb4f1"
    integrity sha512-2KY95ksYSaK7DMBWQn6dQz3kqAf3BB64y2udeG+hv4KfSOb9qwcYQstTJc1KCbsix+wLZWZYN8t7nwX3GOBLRw==
  
  jest-matcher-utils@^27.0.0:
    version "27.5.1"
    resolved "https://registry.npm.alibaba-inc.com/jest-matcher-utils/download/jest-matcher-utils-27.5.1.tgz#9c0cdbda8245bc22d2331729d1091308b40cf8ab"
    integrity sha512-z2uTx/T6LBaCoNWNFWwChLBKYxTMcGBRjAt+2SbP929/Fflb9aa5LGma654Rz8z9HLxsrUaYzxE9T/EFIL/PAw==
    dependencies:
      chalk "^4.0.0"
      jest-diff "^27.5.1"
      jest-get-type "^27.5.1"
      pretty-format "^27.5.1"
  
  "js-tokens@^3.0.0 || ^4.0.0", js-tokens@^4.0.0:
    version "4.0.0"
    resolved "https://registry.npm.alibaba-inc.com/js-tokens/download/js-tokens-4.0.0.tgz#19203fb59991df98e3a287050d4647cdeaf32499"
    integrity sha1-GSA/tZmR35jjoocFDUZHzerzJJk=
  
  json-schema-traverse@^0.4.1:
    version "0.4.1"
    resolved "https://registry.npm.alibaba-inc.com/json-schema-traverse/download/json-schema-traverse-0.4.1.tgz#69f6a87d9513ab8bb8fe63bdb0979c448e684660"
    integrity sha1-afaofZUTq4u4/mO9sJecRI5oRmA=
  
  jsonfile@^4.0.0:
    version "4.0.0"
    resolved "https://registry.npm.alibaba-inc.com/jsonfile/download/jsonfile-4.0.0.tgz#8771aae0799b64076b76640fca058f9c10e33ecb"
    integrity sha1-h3Gq4HmbZAdrdmQPygWPnBDjPss=
    optionalDependencies:
      graceful-fs "^4.1.6"
  
  jsonfile@^6.0.1:
    version "6.1.0"
    resolved "https://registry.npm.alibaba-inc.com/jsonfile/download/jsonfile-6.1.0.tgz#bc55b2634793c679ec6403094eb13698a6ec0aae"
    integrity sha1-vFWyY0eTxnnsZAMJTrE2mKbsCq4=
    dependencies:
      universalify "^2.0.0"
    optionalDependencies:
      graceful-fs "^4.1.6"
  
  jsonp-retry@^1.0.3:
    version "1.0.3"
    resolved "https://registry.npm.alibaba-inc.com/jsonp-retry/download/jsonp-retry-1.0.3.tgz#9e6b18b02ec767a621dd44b4e99439a8a43a6419"
    integrity sha1-nmsYsC7HZ6Yh3US06ZQ5qKQ6ZBk=
    dependencies:
      object-assign "^4.1.1"
  
  locate-path@^5.0.0:
    version "5.0.0"
    resolved "https://registry.npm.alibaba-inc.com/locate-path/download/locate-path-5.0.0.tgz#1afba396afd676a6d42504d0a67a3a7eb9f62aa0"
    integrity sha1-Gvujlq/WdqbUJQTQpno6frn2KqA=
    dependencies:
      p-locate "^4.1.0"
  
  locate-path@^6.0.0:
    version "6.0.0"
    resolved "https://registry.npm.alibaba-inc.com/locate-path/download/locate-path-6.0.0.tgz#55321eb309febbc59c4801d931a72452a681d286"
    integrity sha1-VTIeswn+u8WcSAHZMackUqaB0oY=
    dependencies:
      p-locate "^5.0.0"
  
  lodash-es@4.17.15:
    version "4.17.15"
    resolved "https://registry.npm.alibaba-inc.com/lodash-es/download/lodash-es-4.17.15.tgz#21bd96839354412f23d7a10340e5eac6ee455d78"
    integrity sha1-Ib2Wg5NUQS8j16EDQOXqxu5FXXg=
  
  lodash@^4.14.149:
    version "4.17.21"
    resolved "https://registry.npm.alibaba-inc.com/lodash/download/lodash-4.17.21.tgz#679591c564c3bffaae8454cf0b3df370c3d6911c"
    integrity sha1-Z5WRxWTDv/quhFTPCz3zcMPWkRw=
  
  loose-envify@^1.1.0, loose-envify@^1.4.0:
    version "1.4.0"
    resolved "https://registry.npm.alibaba-inc.com/loose-envify/download/loose-envify-1.4.0.tgz#71ee51fa7be4caec1a63839f7e682d8132d30caf"
    integrity sha1-ce5R+nvkyuwaY4OffmgtgTLTDK8=
    dependencies:
      js-tokens "^3.0.0 || ^4.0.0"
  
  lz-string@^1.4.4:
    version "1.4.4"
    resolved "https://registry.npm.alibaba-inc.com/lz-string/download/lz-string-1.4.4.tgz#c0d8eaf36059f705796e1e344811cf4c498d3a26"
    integrity sha1-wNjq82BZ9wV5bh40SBHPTEmNOiY=
  
  magic-string@^0.25.2:
    version "0.25.9"
    resolved "https://registry.npm.alibaba-inc.com/magic-string/download/magic-string-0.25.9.tgz#de7f9faf91ef8a1c91d02c2e5314c8277dbcdd1c"
    integrity sha512-RmF0AsMzgt25qzqqLc1+MbHmhdx0ojF2Fvs4XnOqz2ZOBXzzkEwc/dJQZCYHAn7v1jbVOjAZfK8msRn4BxO4VQ==
    dependencies:
      sourcemap-codec "^1.4.8"
  
  make-dir@^3.0.2:
    version "3.1.0"
    resolved "https://registry.npm.alibaba-inc.com/make-dir/download/make-dir-3.1.0.tgz#415e967046b3a7f1d185277d84aa58203726a13f"
    integrity sha1-QV6WcEazp/HRhSd9hKpYIDcmoT8=
    dependencies:
      semver "^6.0.0"
  
  merge2@^1.2.3, merge2@^1.3.0:
    version "1.4.1"
    resolved "https://registry.npm.alibaba-inc.com/merge2/download/merge2-1.4.1.tgz#4368892f885e907455a6fd7dc55c0c9d404990ae"
    integrity sha1-Q2iJL4hekHRVpv19xVwMnUBJkK4=
  
  micromatch@^4.0.4:
    version "4.0.5"
    resolved "https://registry.npm.alibaba-inc.com/micromatch/download/micromatch-4.0.5.tgz#bc8999a7cbbf77cdc89f132f6e467051b49090c6"
    integrity sha512-DMy+ERcEW2q8Z2Po+WNXuw3c5YaUSFjAO5GsJqfEl7UjvtIuFKO6ZrKvcItdy98dwFI2N1tg3zNIdKaQT+aNdA==
    dependencies:
      braces "^3.0.2"
      picomatch "^2.3.1"
  
  minimatch@^3.1.1:
    version "3.1.2"
    resolved "https://registry.npm.alibaba-inc.com/minimatch/download/minimatch-3.1.2.tgz#19cd194bfd3e428f049a70817c038d89ab4be35b"
    integrity sha512-J7p63hRiAjw1NDEww1W7i37+ByIrOWO5XQQAzZ3VOcL0PNybwpfmV/N05zFAzwQ9USyEcX6t3UO+K5aqBQOIHw==
    dependencies:
      brace-expansion "^1.1.7"
  
  mobile-detect@^1.4.2:
    version "1.4.5"
    resolved "https://registry.npm.alibaba-inc.com/mobile-detect/download/mobile-detect-1.4.5.tgz#da393c3c413ca1a9bcdd9ced653c38281c0fb6ad"
    integrity sha1-2jk8PEE8oam83ZztZTw4KBwPtq0=
  
  native-url@^0.2.6:
    version "0.2.6"
    resolved "https://registry.npm.alibaba-inc.com/native-url/download/native-url-0.2.6.tgz#ca1258f5ace169c716ff44eccbddb674e10399ae"
    integrity sha1-yhJY9azhaccW/0Tsy922dOEDma4=
    dependencies:
      querystring "^0.2.0"
  
  object-assign@^4.1.1:
    version "4.1.1"
    resolved "https://registry.npm.alibaba-inc.com/object-assign/download/object-assign-4.1.1.tgz#2109adc7965887cfc05cbbd442cac8bfbb360863"
    integrity sha1-IQmtx5ZYh8/AXLvUQsrIv7s2CGM=
  
  omit.js@^1.0.0:
    version "1.0.2"
    resolved "https://registry.npm.alibaba-inc.com/omit.js/download/omit.js-1.0.2.tgz#91a14f0eba84066dfa015bf30e474c47f30bc858"
    integrity sha1-kaFPDrqEBm36AVvzDkdMR/MLyFg=
    dependencies:
      babel-runtime "^6.23.0"
  
  once@^1.3.0:
    version "1.4.0"
    resolved "https://registry.npm.alibaba-inc.com/once/download/once-1.4.0.tgz#583b1aa775961d4b113ac17d9c50baef9dd76bd1"
    integrity sha1-WDsap3WWHUsROsF9nFC6753Xa9E=
    dependencies:
      wrappy "1"
  
  p-limit@^2.2.0:
    version "2.3.0"
    resolved "https://registry.npm.alibaba-inc.com/p-limit/download/p-limit-2.3.0.tgz#3dd33c647a214fdfffd835933eb086da0dc21db1"
    integrity sha1-PdM8ZHohT9//2DWTPrCG2g3CHbE=
    dependencies:
      p-try "^2.0.0"
  
  p-limit@^3.0.2:
    version "3.1.0"
    resolved "https://registry.npm.alibaba-inc.com/p-limit/download/p-limit-3.1.0.tgz#e1daccbe78d0d1388ca18c64fea38e3e57e3706b"
    integrity sha1-4drMvnjQ0TiMoYxk/qOOPlfjcGs=
    dependencies:
      yocto-queue "^0.1.0"
  
  p-locate@^4.1.0:
    version "4.1.0"
    resolved "https://registry.npm.alibaba-inc.com/p-locate/download/p-locate-4.1.0.tgz#a3428bb7088b3a60292f66919278b7c297ad4f07"
    integrity sha1-o0KLtwiLOmApL2aRkni3wpetTwc=
    dependencies:
      p-limit "^2.2.0"
  
  p-locate@^5.0.0:
    version "5.0.0"
    resolved "https://registry.npm.alibaba-inc.com/p-locate/download/p-locate-5.0.0.tgz#83c8315c6785005e3bd021839411c9e110e6d834"
    integrity sha1-g8gxXGeFAF470CGDlBHJ4RDm2DQ=
    dependencies:
      p-limit "^3.0.2"
  
  p-try@^2.0.0:
    version "2.2.0"
    resolved "https://registry.npm.alibaba-inc.com/p-try/download/p-try-2.2.0.tgz#cb2868540e313d61de58fafbe35ce9004d5540e6"
    integrity sha1-yyhoVA4xPWHeWPr741zpAE1VQOY=
  
  path-exists@^4.0.0:
    version "4.0.0"
    resolved "https://registry.npm.alibaba-inc.com/path-exists/download/path-exists-4.0.0.tgz#513bdbe2d3b95d7762e8c1137efa195c6c61b5b3"
    integrity sha1-UTvb4tO5XXdi6METfvoZXGxhtbM=
  
  path-is-absolute@^1.0.0:
    version "1.0.1"
    resolved "https://registry.npm.alibaba-inc.com/path-is-absolute/download/path-is-absolute-1.0.1.tgz#174b9268735534ffbc7ace6bf53a5a9e1b5c5f5f"
    integrity sha1-F0uSaHNVNP+8es5r9TpanhtcX18=
  
  path-is-network-drive@^1.0.16:
    version "1.0.16"
    resolved "https://registry.npm.alibaba-inc.com/path-is-network-drive/download/path-is-network-drive-1.0.16.tgz#b65a42de1ac3b79590876a1a683bbd59346dfe8d"
    integrity sha512-nnU+ssj5jUxQ5lTxNXHkPJeQ2ZVpsoGLEyM+eSCe9Q7v2NhiJhxlCECuUvhICOIgJd3OVFTWlrmCoAE64X6qsQ==
    dependencies:
      tslib "^2"
  
  path-parse@^1.0.7:
    version "1.0.7"
    resolved "https://registry.npm.alibaba-inc.com/path-parse/download/path-parse-1.0.7.tgz#fbc114b60ca42b30d9daf5858e4bd68bbedb6735"
    integrity sha1-+8EUtgykKzDZ2vWFjkvWi77bZzU=
  
  path-strip-sep@^1.0.13:
    version "1.0.13"
    resolved "https://registry.npm.alibaba-inc.com/path-strip-sep/download/path-strip-sep-1.0.13.tgz#c692da0ab2fca42e76b7f985be2129eb4b648bb1"
    integrity sha512-lxc+Mv83LrhLolN1E7lhIb2XLT3epL6QT/rrLySo6MEK08E5dTKxGFGSiqr71H9W9xe7uOgzlpN8hFqpavF0Gg==
    dependencies:
      tslib "^2"
  
  path-to-regexp@^3.1.0:
    version "3.2.0"
    resolved "https://registry.npm.alibaba-inc.com/path-to-regexp/download/path-to-regexp-3.2.0.tgz#fa7877ecbc495c601907562222453c43cc204a5f"
    integrity sha1-+nh37LxJXGAZB1YiIkU8Q8wgSl8=
  
  path-type@^4.0.0:
    version "4.0.0"
    resolved "https://registry.npm.alibaba-inc.com/path-type/download/path-type-4.0.0.tgz#84ed01c0a7ba380afe09d90a8c180dcd9d03043b"
    integrity sha1-hO0BwKe6OAr+CdkKjBgNzZ0DBDs=
  
  picomatch@^2.2.2, picomatch@^2.3.1:
    version "2.3.1"
    resolved "https://registry.npm.alibaba-inc.com/picomatch/download/picomatch-2.3.1.tgz#3ba3833733646d9d3e4995946c1365a67fb07a42"
    integrity sha512-JU3teHTNjmE2VCGFzuY8EXzCDVwEqB2a8fsIvwaStHhAWJEeVd1o1QD80CU6+ZdEXXSLbSsuLwJjkCBWqRQUVA==
  
  "pkg-dir@< 6 >= 5":
    version "5.0.0"
    resolved "https://registry.npm.alibaba-inc.com/pkg-dir/download/pkg-dir-5.0.0.tgz#a02d6aebe6ba133a928f74aec20bafdfe6b8e760"
    integrity sha1-oC1q6+a6EzqSj3Suwguv3+a452A=
    dependencies:
      find-up "^5.0.0"
  
  pkg-dir@^4.1.0:
    version "4.2.0"
    resolved "https://registry.npm.alibaba-inc.com/pkg-dir/download/pkg-dir-4.2.0.tgz#f099133df7ede422e81d1d8448270eeb3e4261f3"
    integrity sha1-8JkTPfft5CLoHR2ESCcO6z5CYfM=
    dependencies:
      find-up "^4.0.0"
  
  pretty-format@^27.0.0, pretty-format@^27.0.2, pretty-format@^27.5.1:
    version "27.5.1"
    resolved "https://registry.npm.alibaba-inc.com/pretty-format/download/pretty-format-27.5.1.tgz#2181879fdea51a7a5851fb39d920faa63f01d88e"
    integrity sha512-Qb1gy5OrP5+zDf2Bvnzdl3jsTf1qXVMazbvCoKhtKqVs4/YK4ozX4gKQJJVyNe+cajNPn0KoC0MC3FUmaHWEmQ==
    dependencies:
      ansi-regex "^5.0.1"
      ansi-styles "^5.0.0"
      react-is "^17.0.1"
  
  prop-types@^15.8.1:
    version "15.8.1"
    resolved "https://registry.npm.alibaba-inc.com/prop-types/download/prop-types-15.8.1.tgz#67d87bf1a694f48435cf332c24af10214a3140b5"
    integrity sha512-oj87CgZICdulUohogVAR7AjlC0327U4el4L6eAvOqCeudMDVU0NThNaV+b9Df4dXgSP1gXMTnPdhfe/2qDH5cg==
    dependencies:
      loose-envify "^1.4.0"
      object-assign "^4.1.1"
      react-is "^16.13.1"
  
  punycode@^2.1.0:
    version "2.1.1"
    resolved "https://registry.npm.alibaba-inc.com/punycode/download/punycode-2.1.1.tgz#b58b010ac40c22c5657616c8d2c2c02c7bf479ec"
    integrity sha1-tYsBCsQMIsVldhbI0sLALHv0eew=
  
  query-string@^7.1.1:
    version "7.1.1"
    resolved "https://registry.npm.alibaba-inc.com/query-string/download/query-string-7.1.1.tgz#754620669db978625a90f635f12617c271a088e1"
    integrity sha512-MplouLRDHBZSG9z7fpuAAcI7aAYjDLhtsiVZsevsfaHWDS2IDdORKbSd1kWUA+V4zyva/HZoSfpwnYMMQDhb0w==
    dependencies:
      decode-uri-component "^0.2.0"
      filter-obj "^1.1.0"
      split-on-first "^1.0.0"
      strict-uri-encode "^2.0.0"
  
  querystring@^0.2.0:
    version "0.2.1"
    resolved "https://registry.npm.alibaba-inc.com/querystring/download/querystring-0.2.1.tgz#40d77615bb09d16902a85c3e38aa8b5ed761c2dd"
    integrity sha1-QNd2FbsJ0WkCqFw+OKqLXtdhwt0=
  
  queue-microtask@^1.2.2:
    version "1.2.3"
    resolved "https://registry.npm.alibaba-inc.com/queue-microtask/download/queue-microtask-1.2.3.tgz#4929228bbc724dfac43e0efb058caf7b6cfb6243"
    integrity sha1-SSkii7xyTfrEPg77BYyve2z7YkM=
  
  react-dom@^17.0.0:
    version "17.0.2"
    resolved "https://registry.npm.alibaba-inc.com/react-dom/download/react-dom-17.0.2.tgz#ecffb6845e3ad8dbfcdc498f0d0a939736502c23"
    integrity sha1-7P+2hF462Nv83EmPDQqTlzZQLCM=
    dependencies:
      loose-envify "^1.1.0"
      object-assign "^4.1.1"
      scheduler "^0.20.2"
  
  react-is@^16.13.1:
    version "16.13.1"
    resolved "https://registry.npm.alibaba-inc.com/react-is/download/react-is-16.13.1.tgz#789729a4dc36de2999dc156dd6c1d9c18cea56a4"
    integrity sha1-eJcppNw23imZ3BVt1sHZwYzqVqQ=
  
  react-is@^17.0.1:
    version "17.0.2"
    resolved "https://registry.npm.alibaba-inc.com/react-is/download/react-is-17.0.2.tgz#e691d4a8e9c789365655539ab372762b0efb54f0"
    integrity sha1-5pHUqOnHiTZWVVOas3J2Kw77VPA=
  
  react-reconciler@0.26.1:
    version "0.26.1"
    resolved "https://registry.npm.alibaba-inc.com/react-reconciler/download/react-reconciler-0.26.1.tgz#860952dd359fd870f94895c254271e3a9de3b2d6"
    integrity sha1-hglS3TWf2HD5SJXCVCceOp3jstY=
    dependencies:
      loose-envify "^1.1.0"
      object-assign "^4.1.1"
      scheduler "^0.20.1"
  
  react@^17.0.0:
    version "17.0.2"
    resolved "https://registry.npm.alibaba-inc.com/react/download/react-17.0.2.tgz#d0b5cc516d29eb3eee383f75b62864cfb6800037"
    integrity sha1-0LXMUW0p6z7uOD91tihkz7aAADc=
    dependencies:
      loose-envify "^1.1.0"
      object-assign "^4.1.1"
  
  reflect-metadata@^0.1.13:
    version "0.1.13"
    resolved "https://registry.npm.alibaba-inc.com/reflect-metadata/download/reflect-metadata-0.1.13.tgz#67ae3ca57c972a2aa1642b10fe363fe32d49dc08"
    integrity sha1-Z648pXyXKiqhZCsQ/jY/4y1J3Ag=
  
  regenerator-runtime@^0.11.0:
    version "0.11.1"
    resolved "https://registry.npm.alibaba-inc.com/regenerator-runtime/download/regenerator-runtime-0.11.1.tgz#be05ad7f9bf7d22e056f9726cee5017fbf19e2e9"
    integrity sha1-vgWtf5v30i4Fb5cmzuUBf78Z4uk=
  
  regenerator-runtime@^0.13.4:
    version "0.13.9"
    resolved "https://registry.npm.alibaba-inc.com/regenerator-runtime/download/regenerator-runtime-0.13.9.tgz#8925742a98ffd90814988d7566ad30ca3b263b52"
    integrity sha1-iSV0Kpj/2QgUmI11Zq0wyjsmO1I=
  
  resolve-pathname@^3.0.0:
    version "3.0.0"
    resolved "https://registry.npm.alibaba-inc.com/resolve-pathname/download/resolve-pathname-3.0.0.tgz#99d02224d3cf263689becbb393bc560313025dcd"
    integrity sha1-mdAiJNPPJjaJvsuzk7xWAxMCXc0=
  
  resolve@^1.11.0, resolve@^1.14.2, resolve@^1.20.0:
    version "1.22.1"
    resolved "https://registry.npm.alibaba-inc.com/resolve/download/resolve-1.22.1.tgz#27cb2ebb53f91abb49470a928bba7558066ac177"
    integrity sha512-nBpuuYuY5jFsli/JIs1oldw6fOQCBioohqWZg/2hiaOybXOft4lonv85uDOKXdf8rhyK159cxU5cDcK/NKk8zw==
    dependencies:
      is-core-module "^2.9.0"
      path-parse "^1.0.7"
      supports-preserve-symlinks-flag "^1.0.0"
  
  reusify@^1.0.4:
    version "1.0.4"
    resolved "https://registry.npm.alibaba-inc.com/reusify/download/reusify-1.0.4.tgz#90da382b1e126efc02146e90845a88db12925d76"
    integrity sha1-kNo4Kx4SbvwCFG6QhFqI2xKSXXY=
  
  rollup-plugin-copy@^3.3.0:
    version "3.4.0"
    resolved "https://registry.npm.alibaba-inc.com/rollup-plugin-copy/download/rollup-plugin-copy-3.4.0.tgz#f1228a3ffb66ffad8606e2f3fb7ff23141ed3286"
    integrity sha1-8SKKP/tm/62GBuLz+3/yMUHtMoY=
    dependencies:
      "@types/fs-extra" "^8.0.1"
      colorette "^1.1.0"
      fs-extra "^8.1.0"
      globby "10.0.1"
      is-plain-object "^3.0.0"
  
  rollup-plugin-typescript2@^0.31.1:
    version "0.31.2"
    resolved "https://registry.npm.alibaba-inc.com/rollup-plugin-typescript2/download/rollup-plugin-typescript2-0.31.2.tgz#463aa713a7e2bf85b92860094b9f7fb274c5a4d8"
    integrity sha512-hRwEYR1C8xDGVVMFJQdEVnNAeWRvpaY97g5mp3IeLnzhNXzSVq78Ye/BJ9PAaUfN4DXa/uDnqerifMOaMFY54Q==
    dependencies:
      "@rollup/pluginutils" "^4.1.2"
      "@yarn-tool/resolve-package" "^1.0.40"
      find-cache-dir "^3.3.2"
      fs-extra "^10.0.0"
      resolve "^1.20.0"
      tslib "^2.3.1"
  
  rollup@^2.60.2:
    version "2.79.0"
    resolved "https://registry.npm.alibaba-inc.com/rollup/download/rollup-2.79.0.tgz#9177992c9f09eb58c5e56cbfa641607a12b57ce2"
    integrity sha512-x4KsrCgwQ7ZJPcFA/SUu6QVcYlO7uRLfLAy0DSA4NS2eG8japdbpM50ToH7z4iObodRYOJ0soneF0iaQRJ6zhA==
    optionalDependencies:
      fsevents "~2.3.2"
  
  run-parallel@^1.1.9:
    version "1.2.0"
    resolved "https://registry.npm.alibaba-inc.com/run-parallel/download/run-parallel-1.2.0.tgz#66d1368da7bdf921eb9d95bd1a9229e7f21a43ee"
    integrity sha1-ZtE2jae9+SHrnZW9GpIp5/IaQ+4=
    dependencies:
      queue-microtask "^1.2.2"
  
  scheduler@^0.20.1, scheduler@^0.20.2:
    version "0.20.2"
    resolved "https://registry.npm.alibaba-inc.com/scheduler/download/scheduler-0.20.2.tgz#4baee39436e34aa93b4874bddcbf0fe8b8b50e91"
    integrity sha1-S67jlDbjSqk7SHS93L8P6Li1DpE=
    dependencies:
      loose-envify "^1.1.0"
      object-assign "^4.1.1"
  
  schema-utils@^2.6.5:
    version "2.7.1"
    resolved "https://registry.npm.alibaba-inc.com/schema-utils/download/schema-utils-2.7.1.tgz#1ca4f32d1b24c590c203b8e7a50bf0ea4cd394d7"
    integrity sha1-HKTzLRskxZDCA7jnpQvw6kzTlNc=
    dependencies:
      "@types/json-schema" "^7.0.5"
      ajv "^6.12.4"
      ajv-keywords "^3.5.2"
  
  semver@^6.0.0:
    version "6.3.0"
    resolved "https://registry.npm.alibaba-inc.com/semver/download/semver-6.3.0.tgz#ee0a64c8af5e8ceea67687b133761e1becbd1d3d"
    integrity sha1-7gpkyK9ejO6mdoexM3YeG+y9HT0=
  
  slash@^3.0.0:
    version "3.0.0"
    resolved "https://registry.npm.alibaba-inc.com/slash/download/slash-3.0.0.tgz#6539be870c165adbd5240220dbe361f1bc4d4634"
    integrity sha1-ZTm+hwwWWtvVJAIg2+Nh8bxNRjQ=
  
  source-map@^0.7.3:
    version "0.7.4"
    resolved "https://registry.npm.alibaba-inc.com/source-map/download/source-map-0.7.4.tgz#a9bbe705c9d8846f4e08ff6765acf0f1b0898656"
    integrity sha512-l3BikUxvPOcn5E74dZiq5BGsTb5yEwhaTSzccU6t4sDOH8NWJCstKO5QT2CvtFoK6F0saL7p9xHAqHOlCPJygA==
  
  sourcemap-codec@^1.4.8:
    version "1.4.8"
    resolved "https://registry.npm.alibaba-inc.com/sourcemap-codec/download/sourcemap-codec-1.4.8.tgz#ea804bd94857402e6992d05a38ef1ae35a9ab4c4"
    integrity sha1-6oBL2UhXQC5pktBaOO8a41qatMQ=
  
  split-on-first@^1.0.0:
    version "1.1.0"
    resolved "https://registry.npm.alibaba-inc.com/split-on-first/download/split-on-first-1.1.0.tgz#f610afeee3b12bce1d0c30425e76398b78249a5f"
    integrity sha1-9hCv7uOxK84dDDBCXnY5i3gkml8=
  
  ssr-window@^3.0.0, ssr-window@^3.0.0-alpha.1:
    version "3.0.0"
    resolved "https://registry.npm.alibaba-inc.com/ssr-window/download/ssr-window-3.0.0.tgz#fd5b82801638943e0cc704c4691801435af7ac37"
    integrity sha1-/VuCgBY4lD4MxwTEaRgBQ1r3rDc=
  
  stackframe@^1.3.4:
    version "1.3.4"
    resolved "https://registry.npm.alibaba-inc.com/stackframe/download/stackframe-1.3.4.tgz#b881a004c8c149a5e8efef37d51b16e412943310"
    integrity sha512-oeVtt7eWQS+Na6F//S4kJ2K2VbRlS9D43mAlMyVpVWovy9o+jfgH8O9agzANzaiLjclA0oYzUXEM4PurhSUChw==
  
  strict-uri-encode@^2.0.0:
    version "2.0.0"
    resolved "https://registry.npm.alibaba-inc.com/strict-uri-encode/download/strict-uri-encode-2.0.0.tgz#b9c7330c7042862f6b142dc274bbcc5866ce3546"
    integrity sha1-ucczDHBChi9rFC3CdLvMWGbONUY=
  
  supports-color@^5.3.0:
    version "5.5.0"
    resolved "https://registry.npm.alibaba-inc.com/supports-color/download/supports-color-5.5.0.tgz#e2e69a44ac8772f78a1ec0b35b689df6530efc8f"
    integrity sha1-4uaaRKyHcveKHsCzW2id9lMO/I8=
    dependencies:
      has-flag "^3.0.0"
  
  supports-color@^7.1.0:
    version "7.2.0"
    resolved "https://registry.npm.alibaba-inc.com/supports-color/download/supports-color-7.2.0.tgz#1b7dcdcb32b8138801b3e478ba6a51caa89648da"
    integrity sha1-G33NyzK4E4gBs+R4umpRyqiWSNo=
    dependencies:
      has-flag "^4.0.0"
  
  supports-preserve-symlinks-flag@^1.0.0:
    version "1.0.0"
    resolved "https://registry.npm.alibaba-inc.com/supports-preserve-symlinks-flag/download/supports-preserve-symlinks-flag-1.0.0.tgz#6eda4bd344a3c94aea376d4cc31bc77311039e09"
    integrity sha512-ot0WnXS9fgdkgIcePe6RHNk1WA8+muPa6cSjeR3V8K27q9BB1rTE3R1p7Hv0z1ZyAc8s6Vvv8DIyWf681MAt0w==
  
  swiper@6.8.0:
    version "6.8.0"
    resolved "https://registry.npm.alibaba-inc.com/swiper/download/swiper-6.8.0.tgz#61c850f49ba778e403f00a01fe0b768bd85d0d20"
    integrity sha1-YchQ9JuneOQD8AoB/gt2i9hdDSA=
    dependencies:
      dom7 "^3.0.0"
      ssr-window "^3.0.0"
  
  to-regex-range@^5.0.1:
    version "5.0.1"
    resolved "https://registry.npm.alibaba-inc.com/to-regex-range/download/to-regex-range-5.0.1.tgz#1648c44aae7c8d988a326018ed72f5b4dd0392e4"
    integrity sha1-FkjESq58jZiKMmAY7XL1tN0DkuQ=
    dependencies:
      is-number "^7.0.0"
  
  tslib@^2, tslib@^2.3.1:
    version "2.4.0"
    resolved "https://registry.npm.alibaba-inc.com/tslib/download/tslib-2.4.0.tgz#7cecaa7f073ce680a05847aa77be941098f36dc3"
    integrity sha512-d6xOpEDfsi2CZVlPQzGeux8XMwLT9hssAsaPYExaQMuYskwb+x1x7J371tWlbBdWHroy99KnVB6qIkUbs5X3UQ==
  
  typescript@^4.1.0:
    version "4.8.3"
    resolved "https://registry.npm.alibaba-inc.com/typescript/download/typescript-4.8.3.tgz#d59344522c4bc464a65a730ac695007fdb66dd88"
    integrity sha512-goMHfm00nWPa8UvR/CPSvykqf6dVV8x/dp0c5mFTMTIu0u0FlGWRioyy7Nn0PGAdHxpJZnuO/ut+PpQ8UiHAig==
  
  universal-router@^8.3.0:
    version "8.3.0"
    resolved "https://registry.npm.alibaba-inc.com/universal-router/download/universal-router-8.3.0.tgz#533bce135d7b1abf591421c5d2028d54407a34a0"
    integrity sha1-UzvOE117Gr9ZFCHF0gKNVEB6NKA=
    dependencies:
      path-to-regexp "^3.1.0"
  
  universalify@^0.1.0:
    version "0.1.2"
    resolved "https://registry.npm.alibaba-inc.com/universalify/download/universalify-0.1.2.tgz#b646f69be3942dabcecc9d6639c80dc105efaa66"
    integrity sha1-tkb2m+OULavOzJ1mOcgNwQXvqmY=
  
  universalify@^2.0.0:
    version "2.0.0"
    resolved "https://registry.npm.alibaba-inc.com/universalify/download/universalify-2.0.0.tgz#75a4984efedc4b08975c5aeb73f530d02df25717"
    integrity sha1-daSYTv7cSwiXXFrrc/Uw0C3yVxc=
  
  upath2@^3.1.13:
    version "3.1.15"
    resolved "https://registry.npm.alibaba-inc.com/upath2/download/upath2-3.1.15.tgz#5c9e053421084533c5d0f0397ecb860c51c04257"
    integrity sha512-b2QxNkfs6w+LZcgYZaBrS0Eo0OXsg5BbFtbVQleSpr8l8Iz+N2baP6eUvOJG0s+6M/qeCf8JI9BQXBXDwB5yOA==
    dependencies:
      "@types/node" "*"
      path-is-network-drive "^1.0.16"
      path-strip-sep "^1.0.13"
      tslib "^2"
  
  uri-js@^4.2.2:
    version "4.4.1"
    resolved "https://registry.npm.alibaba-inc.com/uri-js/download/uri-js-4.4.1.tgz#9b1a52595225859e55f669d928f88c6c57f2a77e"
    integrity sha1-mxpSWVIlhZ5V9mnZKPiMbFfyp34=
    dependencies:
      punycode "^2.1.0"
  
  weui@^1.1.2:
    version "1.1.3"
    resolved "https://registry.npm.alibaba-inc.com/weui/download/weui-1.1.3.tgz#0f0899bb61bb2ec603b2648367a8139298f81514"
    integrity sha1-DwiZu2G7LsYDsmSDZ6gTkpj4FRQ=
  
  whatwg-fetch@^3.4.0:
    version "3.6.2"
    resolved "https://registry.npm.alibaba-inc.com/whatwg-fetch/download/whatwg-fetch-3.6.2.tgz#dced24f37f2624ed0281725d51d0e2e3fe677f8c"
    integrity sha1-3O0k838mJO0CgXJdUdDi4/5nf4w=
  
  wrappy@1:
    version "1.0.2"
    resolved "https://registry.npm.alibaba-inc.com/wrappy/download/wrappy-1.0.2.tgz#b5243d8f3ec1aa35f1364605bc0d1036e30ab69f"
    integrity sha1-tSQ9jz7BqjXxNkYFvA0QNuMKtp8=
  
  yocto-queue@^0.1.0:
    version "0.1.0"
    resolved "https://registry.npm.alibaba-inc.com/yocto-queue/download/yocto-queue-0.1.0.tgz#0294eb3dee05028d31ee1a5fa2c556a6aaf10a1b"
    integrity sha1-ApTrPe4FAo0x7hpfosVWpqrxChs=
